# JRE version: OpenJDK Runtime Environment (8.0_242-b01) (build 1.8.0_242-release-1644-b01)
# Java VM: OpenJDK 64-Bit Server VM (25.242-b01 mixed mode windows-amd64 compressed oops)
Heap:
 PSYoungGen      total 456192K, used 213500K [0x00000000e0000000, 0x0000000100000000, 0x0000000100000000)
  eden space 397312K, 41% used [0x00000000e0000000,0x00000000ea2c13c0,0x00000000f8400000)
  from space 58880K, 79% used [0x00000000fc680000,0x00000000ff43de30,0x0000000100000000)
  to   space 63488K, 0% used [0x00000000f8400000,0x00000000f8400000,0x00000000fc200000)
 ParOldGen       total 158720K, used 121624K [0x00000000a0000000, 0x00000000a9b00000, 0x00000000e0000000)
  object space 158720K, 76% used [0x00000000a0000000,0x00000000a76c62b0,0x00000000a9b00000)
 Metaspace       used 93068K, capacity 97570K, committed 97704K, reserved 1134592K
  class space    used 11992K, capacity 12888K, committed 12968K, reserved 1048576K
GC Heap History (10 events):
Event: 55.136 GC heap before
{Heap before GC invocations=17 (full 3):
 PSYoungGen      total 330752K, used 301843K [0x00000000e0000000, 0x00000000fa280000, 0x0000000100000000)
  eden space 279040K, 100% used [0x00000000e0000000,0x00000000f1080000,0x00000000f1080000)
  from space 51712K, 44% used [0x00000000f1080000,0x00000000f26c4f20,0x00000000f4300000)
  to   space 49152K, 0% used [0x00000000f7280000,0x00000000f7280000,0x00000000fa280000)
 ParOldGen       total 158720K, used 108629K [0x00000000a0000000, 0x00000000a9b00000, 0x00000000e0000000)
  object space 158720K, 68% used [0x00000000a0000000,0x00000000a6a15560,0x00000000a9b00000)
 Metaspace       used 83717K, capacity 87324K, committed 87464K, reserved 1124352K
  class space    used 11055K, capacity 11841K, committed 11944K, reserved 1048576K
Event: 55.156 GC heap after
Heap after GC invocations=17 (full 3):
 PSYoungGen      total 365056K, used 15228K [0x00000000e0000000, 0x00000000f9a00000, 0x0000000100000000)
  eden space 324608K, 0% used [0x00000000e0000000,0x00000000e0000000,0x00000000f3d00000)
  from space 40448K, 37% used [0x00000000f7280000,0x00000000f815f060,0x00000000f9a00000)
  to   space 47616K, 0% used [0x00000000f3d00000,0x00000000f3d00000,0x00000000f6b80000)
 ParOldGen       total 158720K, used 108637K [0x00000000a0000000, 0x00000000a9b00000, 0x00000000e0000000)
  object space 158720K, 68% used [0x00000000a0000000,0x00000000a6a17560,0x00000000a9b00000)
 Metaspace       used 83717K, capacity 87324K, committed 87464K, reserved 1124352K
  class space    used 11055K, capacity 11841K, committed 11944K, reserved 1048576K
}
Event: 221.698 GC heap before
{Heap before GC invocations=18 (full 3):
 PSYoungGen      total 365056K, used 339836K [0x00000000e0000000, 0x00000000f9a00000, 0x0000000100000000)
  eden space 324608K, 100% used [0x00000000e0000000,0x00000000f3d00000,0x00000000f3d00000)
  from space 40448K, 37% used [0x00000000f7280000,0x00000000f815f060,0x00000000f9a00000)
  to   space 47616K, 0% used [0x00000000f3d00000,0x00000000f3d00000,0x00000000f6b80000)
 ParOldGen       total 158720K, used 108637K [0x00000000a0000000, 0x00000000a9b00000, 0x00000000e0000000)
  object space 158720K, 68% used [0x00000000a0000000,0x00000000a6a17560,0x00000000a9b00000)
 Metaspace       used 91603K, capacity 95864K, committed 96040K, reserved 1132544K
  class space    used 11952K, capacity 12825K, committed 12840K, reserved 1048576K
Event: 221.726 GC heap after
Heap after GC invocations=18 (full 3):
 PSYoungGen      total 372224K, used 27712K [0x00000000e0000000, 0x00000000fc400000, 0x0000000100000000)
  eden space 324608K, 0% used [0x00000000e0000000,0x00000000e0000000,0x00000000f3d00000)
  from space 47616K, 58% used [0x00000000f3d00000,0x00000000f5810148,0x00000000f6b80000)
  to   space 47616K, 0% used [0x00000000f9580000,0x00000000f9580000,0x00000000fc400000)
 ParOldGen       total 158720K, used 108653K [0x00000000a0000000, 0x00000000a9b00000, 0x00000000e0000000)
  object space 158720K, 68% used [0x00000000a0000000,0x00000000a6a1b560,0x00000000a9b00000)
 Metaspace       used 91603K, capacity 95864K, committed 96040K, reserved 1132544K
  class space    used 11952K, capacity 12825K, committed 12840K, reserved 1048576K
}
Event: 226.702 GC heap before
{Heap before GC invocations=19 (full 3):
 PSYoungGen      total 372224K, used 352317K [0x00000000e0000000, 0x00000000fc400000, 0x0000000100000000)
  eden space 324608K, 99% used [0x00000000e0000000,0x00000000f3cff670,0x00000000f3d00000)
  from space 47616K, 58% used [0x00000000f3d00000,0x00000000f5810148,0x00000000f6b80000)
  to   space 47616K, 0% used [0x00000000f9580000,0x00000000f9580000,0x00000000fc400000)
 ParOldGen       total 158720K, used 108653K [0x00000000a0000000, 0x00000000a9b00000, 0x00000000e0000000)
  object space 158720K, 68% used [0x00000000a0000000,0x00000000a6a1b560,0x00000000a9b00000)
 Metaspace       used 91905K, capacity 96210K, committed 96296K, reserved 1132544K
  class space    used 11961K, capacity 12840K, committed 12840K, reserved 1048576K
Event: 226.753 GC heap after
Heap after GC invocations=19 (full 3):
 PSYoungGen      total 407552K, used 47608K [0x00000000e0000000, 0x00000000fd380000, 0x0000000100000000)
  eden space 359936K, 0% used [0x00000000e0000000,0x00000000e0000000,0x00000000f5f80000)
  from space 47616K, 99% used [0x00000000f9580000,0x00000000fc3fe3a0,0x00000000fc400000)
  to   space 55296K, 0% used [0x00000000f5f80000,0x00000000f5f80000,0x00000000f9580000)
 ParOldGen       total 158720K, used 109745K [0x00000000a0000000, 0x00000000a9b00000, 0x00000000e0000000)
  object space 158720K, 69% used [0x00000000a0000000,0x00000000a6b2c630,0x00000000a9b00000)
 Metaspace       used 91905K, capacity 96210K, committed 96296K, reserved 1132544K
  class space    used 11961K, capacity 12840K, committed 12840K, reserved 1048576K
}
Event: 230.967 GC heap before
{Heap before GC invocations=20 (full 3):
 PSYoungGen      total 407552K, used 407265K [0x00000000e0000000, 0x00000000fd380000, 0x0000000100000000)
  eden space 359936K, 99% used [0x00000000e0000000,0x00000000f5f3a388,0x00000000f5f80000)
  from space 47616K, 99% used [0x00000000f9580000,0x00000000fc3fe3a0,0x00000000fc400000)
  to   space 55296K, 0% used [0x00000000f5f80000,0x00000000f5f80000,0x00000000f9580000)
 ParOldGen       total 158720K, used 109745K [0x00000000a0000000, 0x00000000a9b00000, 0x00000000e0000000)
  object space 158720K, 69% used [0x00000000a0000000,0x00000000a6b2c630,0x00000000a9b00000)
 Metaspace       used 92276K, capacity 96560K, committed 96936K, reserved 1132544K
  class space    used 11962K, capacity 12841K, committed 12968K, reserved 1048576K
Event: 231.137 GC heap after
Heap after GC invocations=20 (full 3):
 PSYoungGen      total 415232K, used 42815K [0x00000000e0000000, 0x0000000100000000, 0x0000000100000000)
  eden space 359936K, 0% used [0x00000000e0000000,0x00000000e0000000,0x00000000f5f80000)
  from space 55296K, 77% used [0x00000000f5f80000,0x00000000f894ff20,0x00000000f9580000)
  to   space 58880K, 0% used [0x00000000fc680000,0x00000000fc680000,0x0000000100000000)
 ParOldGen       total 158720K, used 121616K [0x00000000a0000000, 0x00000000a9b00000, 0x00000000e0000000)
  object space 158720K, 76% used [0x00000000a0000000,0x00000000a76c42b0,0x00000000a9b00000)
 Metaspace       used 92276K, capacity 96560K, committed 96936K, reserved 1132544K
  class space    used 11962K, capacity 12841K, committed 12968K, reserved 1048576K
}
Event: 2604.994 GC heap before
{Heap before GC invocations=21 (full 3):
 PSYoungGen      total 415232K, used 402751K [0x00000000e0000000, 0x0000000100000000, 0x0000000100000000)
  eden space 359936K, 100% used [0x00000000e0000000,0x00000000f5f80000,0x00000000f5f80000)
  from space 55296K, 77% used [0x00000000f5f80000,0x00000000f894ff20,0x00000000f9580000)
  to   space 58880K, 0% used [0x00000000fc680000,0x00000000fc680000,0x0000000100000000)
 ParOldGen       total 158720K, used 121616K [0x00000000a0000000, 0x00000000a9b00000, 0x00000000e0000000)
  object space 158720K, 76% used [0x00000000a0000000,0x00000000a76c42b0,0x00000000a9b00000)
 Metaspace       used 93029K, capacity 97506K, committed 97704K, reserved 1134592K
  class space    used 11992K, capacity 12888K, committed 12968K, reserved 1048576K
Event: 2605.075 GC heap after
Heap after GC invocations=21 (full 3):
 PSYoungGen      total 456192K, used 46839K [0x00000000e0000000, 0x0000000100000000, 0x0000000100000000)
  eden space 397312K, 0% used [0x00000000e0000000,0x00000000e0000000,0x00000000f8400000)
  from space 58880K, 79% used [0x00000000fc680000,0x00000000ff43de30,0x0000000100000000)
  to   space 63488K, 0% used [0x00000000f8400000,0x00000000f8400000,0x00000000fc200000)
 ParOldGen       total 158720K, used 121624K [0x00000000a0000000, 0x00000000a9b00000, 0x00000000e0000000)
  object space 158720K, 76% used [0x00000000a0000000,0x00000000a76c62b0,0x00000000a9b00000)
 Metaspace       used 93029K, capacity 97506K, committed 97704K, reserved 1134592K
  class space    used 11992K, capacity 12888K, committed 12968K, reserved 1048576K
}

